Excelsior JET v10.0 Evaluation Version 64-bit (c) Excelsior 1997,2013
Active Java SE Version 1.7.0_55 (profile 5)
************************  JET v10.0 EVALUATION **************************
*  This program cannot be used in a business, commercial, government,  *
*  or  institutional  environment  except  for  evaluation  purposes.  *
************************************************************************
Make project "C:\Users\Muditha\Downloads\IrrigationManagement\IrrigationManagement.prj"
64-bit Excelsior JET for Windows does not yet support Startup Accelerator
Reading dist/IrrigationManagement.jar ...  78 classes
Reading dist/lib/AbsoluteLayout.jar ...  2 classes
Reading dist/lib/DateChooser.jar ...  252 classes
Reading dist/lib/beansbinding-1.2.1.jar ...  213 classes
Reading C:/Program Files/Java/jre1.8.0_20/lib/ext/sqlite-jdbc-3.7.2.jar ...  123 classes

Total compilable classes within classpath entries: 668

------------------------  Parsing Stage  ---------------------------------------

   1/668: dist\IrrigationManagement.jar:/irrigationmanagementsystem/DBOperations.class
   2/668: dist\IrrigationManagement.jar:/irrigationmanagementsystem/DeleteItem$1.class
   3/668: dist\IrrigationManagement.jar:/irrigationmanagementsystem/DeleteItem$2.class
   4/668: dist\IrrigationManagement.jar:/irrigationmanagementsystem/DeleteItem$3.class
   5/668: dist\IrrigationManagement.jar:/irrigationmanagementsystem/DeleteItem$4.class
   6/668: dist\IrrigationManagement.jar:/irrigationmanagementsystem/DeleteItem$5.class
   7/668: dist\IrrigationManagement.jar:/irrigationmanagementsystem/DeleteItem$6.class
   8/668: dist\IrrigationManagement.jar:/irrigationmanagementsystem/DeleteItem$7.class
   9/668: dist\IrrigationManagement.jar:/irrigationmanagementsystem/DeleteItem$8.class
  10/668: dist\IrrigationManagement.jar:/irrigationmanagementsystem/DeleteItem$9.class
  11/668: dist\IrrigationManagement.jar:/irrigationmanagementsystem/DeleteItem.class
  12/668: dist\IrrigationManagement.jar:/irrigationmanagementsystem/FullDetails$1.class
  13/668: dist\IrrigationManagement.jar:/irrigationmanagementsystem/FullDetails.class
  14/668: dist\IrrigationManagement.jar:/irrigationmanagementsystem/FullDetailsTable.class
  15/668: dist\IrrigationManagement.jar:/irrigationmanagementsystem/ImagePanel.class
  16/668: dist\IrrigationManagement.jar:/irrigationmanagementsystem/IrrigationManagementSystem.class
  17/668: dist\IrrigationManagement.jar:/irrigationmanagementsystem/ItemDetails.class
  18/668: dist\IrrigationManagement.jar:/irrigationmanagementsystem/ItemReport$1.class
  19/668: dist\IrrigationManagement.jar:/irrigationmanagementsystem/ItemReport$2.class
  20/668: dist\IrrigationManagement.jar:/irrigationmanagementsystem/ItemReport$3.class
  21/668: dist\IrrigationManagement.jar:/irrigationmanagementsystem/ItemReport$4.class
  22/668: dist\IrrigationManagement.jar:/irrigationmanagementsystem/ItemReport.class
  23/668: dist\IrrigationManagement.jar:/irrigationmanagementsystem/ItemTable.class
  24/668: dist\IrrigationManagement.jar:/irrigationmanagementsystem/LogTable.class
  25/668: dist\IrrigationManagement.jar:/irrigationmanagementsystem/Logs$1.class
  26/668: dist\IrrigationManagement.jar:/irrigationmanagementsystem/Logs$2.class
  27/668: dist\IrrigationManagement.jar:/irrigationmanagementsystem/Logs$3.class
  28/668: dist\IrrigationManagement.jar:/irrigationmanagementsystem/Logs$4.class
  29/668: dist\IrrigationManagement.jar:/irrigationmanagementsystem/Logs$5.class
  30/668: dist\IrrigationManagement.jar:/irrigationmanagementsystem/Logs$6.class
  31/668: dist\IrrigationManagement.jar:/irrigationmanagementsystem/Logs.class
  32/668: dist\IrrigationManagement.jar:/irrigationmanagementsystem/MainFrame$1.class
  33/668: dist\IrrigationManagement.jar:/irrigationmanagementsystem/MainFrame$10.class
  34/668: dist\IrrigationManagement.jar:/irrigationmanagementsystem/MainFrame$11.class
  35/668: dist\IrrigationManagement.jar:/irrigationmanagementsystem/MainFrame$12.class
  36/668: dist\IrrigationManagement.jar:/irrigationmanagementsystem/MainFrame$13.class
  37/668: dist\IrrigationManagement.jar:/irrigationmanagementsystem/MainFrame$2.class
  38/668: dist\IrrigationManagement.jar:/irrigationmanagementsystem/MainFrame$3.class
  39/668: dist\IrrigationManagement.jar:/irrigationmanagementsystem/MainFrame$4.class
  40/668: dist\IrrigationManagement.jar:/irrigationmanagementsystem/MainFrame$5.class
  41/668: dist\IrrigationManagement.jar:/irrigationmanagementsystem/MainFrame$6.class
  42/668: dist\IrrigationManagement.jar:/irrigationmanagementsystem/MainFrame$7.class
  43/668: dist\IrrigationManagement.jar:/irrigationmanagementsystem/MainFrame$8.class
  44/668: dist\IrrigationManagement.jar:/irrigationmanagementsystem/MainFrame$9.class
  45/668: dist\IrrigationManagement.jar:/irrigationmanagementsystem/MainFrame.class
  46/668: dist\IrrigationManagement.jar:/irrigationmanagementsystem/NewItem$1.class
  47/668: dist\IrrigationManagement.jar:/irrigationmanagementsystem/NewItem$2.class
  48/668: dist\IrrigationManagement.jar:/irrigationmanagementsystem/NewItem$3.class
  49/668: dist\IrrigationManagement.jar:/irrigationmanagementsystem/NewItem$4.class
  50/668: dist\IrrigationManagement.jar:/irrigationmanagementsystem/NewItem$5.class
  51/668: dist\IrrigationManagement.jar:/irrigationmanagementsystem/NewItem$6.class
  52/668: dist\IrrigationManagement.jar:/irrigationmanagementsystem/NewItem$7.class
  53/668: dist\IrrigationManagement.jar:/irrigationmanagementsystem/NewItem$8.class
  54/668: dist\IrrigationManagement.jar:/irrigationmanagementsystem/NewItem.class
  55/668: dist\IrrigationManagement.jar:/irrigationmanagementsystem/NewItemDetails.class
  56/668: dist\IrrigationManagement.jar:/irrigationmanagementsystem/SearchDetails.class
  57/668: dist\IrrigationManagement.jar:/irrigationmanagementsystem/SearchTable.class
  58/668: dist\IrrigationManagement.jar:/irrigationmanagementsystem/UpdateItem$1.class
  59/668: dist\IrrigationManagement.jar:/irrigationmanagementsystem/UpdateItem$10.class
  60/668: dist\IrrigationManagement.jar:/irrigationmanagementsystem/UpdateItem$11.class
  61/668: dist\IrrigationManagement.jar:/irrigationmanagementsystem/UpdateItem$12.class
  62/668: dist\IrrigationManagement.jar:/irrigationmanagementsystem/UpdateItem$13.class
  63/668: dist\IrrigationManagement.jar:/irrigationmanagementsystem/UpdateItem$14.class
  64/668: dist\IrrigationManagement.jar:/irrigationmanagementsystem/UpdateItem$15.class
  65/668: dist\IrrigationManagement.jar:/irrigationmanagementsystem/UpdateItem$16.class
  66/668: dist\IrrigationManagement.jar:/irrigationmanagementsystem/UpdateItem$17.class
  67/668: dist\IrrigationManagement.jar:/irrigationmanagementsystem/UpdateItem$18.class
  68/668: dist\IrrigationManagement.jar:/irrigationmanagementsystem/UpdateItem$19.class
  69/668: dist\IrrigationManagement.jar:/irrigationmanagementsystem/UpdateItem$2.class
  70/668: dist\IrrigationManagement.jar:/irrigationmanagementsystem/UpdateItem$20.class
  71/668: dist\IrrigationManagement.jar:/irrigationmanagementsystem/UpdateItem$3.class
  72/668: dist\IrrigationManagement.jar:/irrigationmanagementsystem/UpdateItem$4.class
  73/668: dist\IrrigationManagement.jar:/irrigationmanagementsystem/UpdateItem$5.class
  74/668: dist\IrrigationManagement.jar:/irrigationmanagementsystem/UpdateItem$6.class
  75/668: dist\IrrigationManagement.jar:/irrigationmanagementsystem/UpdateItem$7.class
  76/668: dist\IrrigationManagement.jar:/irrigationmanagementsystem/UpdateItem$8.class
  77/668: dist\IrrigationManagement.jar:/irrigationmanagementsystem/UpdateItem$9.class
  78/668: dist\IrrigationManagement.jar:/irrigationmanagementsystem/UpdateItem.class
  79/668: dist\lib\AbsoluteLayout.jar:/org/netbeans/lib/awtextra/AbsoluteConstraints.class
  80/668: dist\lib\AbsoluteLayout.jar:/org/netbeans/lib/awtextra/AbsoluteLayout.class
  81/668: dist\lib\DateChooser.jar:/datechooser/autorun/ConfigBean.class
  82/668: dist\lib\DateChooser.jar:/datechooser/autorun/ConfigCombo.class
  83/668: dist\lib\DateChooser.jar:/datechooser/autorun/ConfigDialog$1.class
  84/668: dist\lib\DateChooser.jar:/datechooser/autorun/ConfigDialog.class
  85/668: dist\lib\DateChooser.jar:/datechooser/autorun/ConfigPanel.class
  86/668: dist\lib\DateChooser.jar:/datechooser/autorun/ConfigWindow$1.class
  87/668: dist\lib\DateChooser.jar:/datechooser/autorun/ConfigWindow$2.class
  88/668: dist\lib\DateChooser.jar:/datechooser/autorun/ConfigWindow$ComponentFileFilter.class
  89/668: dist\lib\DateChooser.jar:/datechooser/autorun/ConfigWindow$OnBeanChange.class
  90/668: dist\lib\DateChooser.jar:/datechooser/autorun/ConfigWindow$OnLookAndFeelChange.class
  91/668: dist\lib\DateChooser.jar:/datechooser/autorun/ConfigWindow$OnStoreAction.class
  92/668: dist\lib\DateChooser.jar:/datechooser/autorun/ConfigWindow$OnWindowClose.class
  93/668: dist\lib\DateChooser.jar:/datechooser/autorun/ConfigWindow.class
  94/668: dist\lib\DateChooser.jar:/datechooser/autorun/Configurator.class
  95/668: dist\lib\DateChooser.jar:/datechooser/autorun/Logo.class
  96/668: dist\lib\DateChooser.jar:/datechooser/beans/AbstractDateChooserBeanInfo.class
  97/668: dist\lib\DateChooser.jar:/datechooser/beans/BeanTableCell.class
  98/668: dist\lib\DateChooser.jar:/datechooser/beans/BeanTableCellEditor$1.class
  99/668: dist\lib\DateChooser.jar:/datechooser/beans/BeanTableCellEditor.class
 100/668: dist\lib\DateChooser.jar:/datechooser/beans/BeanTableCellRenderer.class
 101/668: dist\lib\DateChooser.jar:/datechooser/beans/BeanUtils.class
 102/668: dist\lib\DateChooser.jar:/datechooser/beans/DateChooserBean.class
 103/668: dist\lib\DateChooser.jar:/datechooser/beans/DateChooserCombo$1.class
 104/668: dist\lib\DateChooser.jar:/datechooser/beans/DateChooserCombo$2.class
 105/668: dist\lib\DateChooser.jar:/datechooser/beans/DateChooserCombo$3.class
 106/668: dist\lib\DateChooser.jar:/datechooser/beans/DateChooserCombo$4.class
 107/668: dist\lib\DateChooser.jar:/datechooser/beans/DateChooserCombo$5.class
 108/668: dist\lib\DateChooser.jar:/datechooser/beans/DateChooserCombo$OnSelectionChanged.class
 109/668: dist\lib\DateChooser.jar:/datechooser/beans/DateChooserCombo.class
 110/668: dist\lib\DateChooser.jar:/datechooser/beans/DateChooserComboBeanInfo.class
 111/668: dist\lib\DateChooser.jar:/datechooser/beans/DateChooserComboCustomizer.class
 112/668: dist\lib\DateChooser.jar:/datechooser/beans/DateChooserDialog$1.class
 113/668: dist\lib\DateChooser.jar:/datechooser/beans/DateChooserDialog$2.class
 114/668: dist\lib\DateChooser.jar:/datechooser/beans/DateChooserDialog$OnCancel.class
 115/668: dist\lib\DateChooser.jar:/datechooser/beans/DateChooserDialog$OnClose.class
 116/668: dist\lib\DateChooser.jar:/datechooser/beans/DateChooserDialog$OnOK.class
 117/668: dist\lib\DateChooser.jar:/datechooser/beans/DateChooserDialog.class
 118/668: dist\lib\DateChooser.jar:/datechooser/beans/DateChooserDialogBeanInfo.class
 119/668: dist\lib\DateChooser.jar:/datechooser/beans/DateChooserDialogCustomizer.class
 120/668: dist\lib\DateChooser.jar:/datechooser/beans/DateChooserPanel.class
 121/668: dist\lib\DateChooser.jar:/datechooser/beans/DateChooserPanelBeanInfo.class
 122/668: dist\lib\DateChooser.jar:/datechooser/beans/DateChooserPanelCustomizer.class
 123/668: dist\lib\DateChooser.jar:/datechooser/beans/DateChooserVisual.class
 124/668: dist\lib\DateChooser.jar:/datechooser/beans/PermanentBean.class
 125/668: dist\lib\DateChooser.jar:/datechooser/beans/customizer/DateChooserCustomizer$1.class
 126/668: dist\lib\DateChooser.jar:/datechooser/beans/customizer/DateChooserCustomizer.class
 127/668: dist\lib\DateChooser.jar:/datechooser/beans/customizer/PropertyDescriptorsHolder.class
 128/668: dist\lib\DateChooser.jar:/datechooser/beans/customizer/PropertyPair.class
 129/668: dist\lib\DateChooser.jar:/datechooser/beans/customizer/PropertyTableModel.class
 130/668: dist\lib\DateChooser.jar:/datechooser/beans/customizer/edit/PropertyCellEditor$1.class
 131/668: dist\lib\DateChooser.jar:/datechooser/beans/customizer/edit/PropertyCellEditor$OnBoolChanged.class
 132/668: dist\lib\DateChooser.jar:/datechooser/beans/customizer/edit/PropertyCellEditor$OnTextChange.class
 133/668: dist\lib\DateChooser.jar:/datechooser/beans/customizer/edit/PropertyCellEditor$OnUIChange.class
 134/668: dist\lib\DateChooser.jar:/datechooser/beans/customizer/edit/PropertyCellEditor$TagsModel.class
 135/668: dist\lib\DateChooser.jar:/datechooser/beans/customizer/edit/PropertyCellEditor.class
 136/668: dist\lib\DateChooser.jar:/datechooser/beans/customizer/edit/TextChangeListener.class
 137/668: dist\lib\DateChooser.jar:/datechooser/beans/customizer/render/CaptionCellRenderer.class
 138/668: dist\lib\DateChooser.jar:/datechooser/beans/customizer/render/CellRenderer.class
 139/668: dist\lib\DateChooser.jar:/datechooser/beans/customizer/render/ValueCellRenderer$1.class
 140/668: dist\lib\DateChooser.jar:/datechooser/beans/customizer/render/ValueCellRenderer$OnUIChange.class
 141/668: dist\lib\DateChooser.jar:/datechooser/beans/customizer/render/ValueCellRenderer$RenderPane.class
 142/668: dist\lib\DateChooser.jar:/datechooser/beans/customizer/render/ValueCellRenderer.class
 143/668: dist\lib\DateChooser.jar:/datechooser/beans/editor/BooleanEditorFoo.class
 144/668: dist\lib\DateChooser.jar:/datechooser/beans/editor/DateFormatEditor.class
 145/668: dist\lib\DateChooser.jar:/datechooser/beans/editor/ModelBehaviorEditor$1.class
 146/668: dist\lib\DateChooser.jar:/datechooser/beans/editor/ModelBehaviorEditor.class
 147/668: dist\lib\DateChooser.jar:/datechooser/beans/editor/NavigatePaneEditor.class
 148/668: dist\lib\DateChooser.jar:/datechooser/beans/editor/SimpleColorEditor.class
 149/668: dist\lib\DateChooser.jar:/datechooser/beans/editor/StringEditor.class
 150/668: dist\lib\DateChooser.jar:/datechooser/beans/editor/VisualEditor.class
 151/668: dist\lib\DateChooser.jar:/datechooser/beans/editor/VisualEditorCashed.class
 152/668: dist\lib\DateChooser.jar:/datechooser/beans/editor/WeekDaysStyleEditor$1.class
 153/668: dist\lib\DateChooser.jar:/datechooser/beans/editor/WeekDaysStyleEditor.class
 154/668: dist\lib\DateChooser.jar:/datechooser/beans/editor/appear/AppearEditor.class
 155/668: dist\lib\DateChooser.jar:/datechooser/beans/editor/appear/AppearEditorPane$1.class
 156/668: dist\lib\DateChooser.jar:/datechooser/beans/editor/appear/AppearEditorPane$2.class
 157/668: dist\lib\DateChooser.jar:/datechooser/beans/editor/appear/AppearEditorPane$3.class
 158/668: dist\lib\DateChooser.jar:/datechooser/beans/editor/appear/AppearEditorPane$4.class
 159/668: dist\lib\DateChooser.jar:/datechooser/beans/editor/appear/AppearEditorPane$5.class
 160/668: dist\lib\DateChooser.jar:/datechooser/beans/editor/appear/AppearEditorPane$6.class
 161/668: dist\lib\DateChooser.jar:/datechooser/beans/editor/appear/AppearEditorPane$7.class
 162/668: dist\lib\DateChooser.jar:/datechooser/beans/editor/appear/AppearEditorPane$ViewListModel.class
 163/668: dist\lib\DateChooser.jar:/datechooser/beans/editor/appear/AppearEditorPane.class
 164/668: dist\lib\DateChooser.jar:/datechooser/beans/editor/backrender/BackRendererEditor.class
 165/668: dist\lib\DateChooser.jar:/datechooser/beans/editor/backrender/BackRendererEditorPane$1.class
 166/668: dist\lib\DateChooser.jar:/datechooser/beans/editor/backrender/BackRendererEditorPane$2.class
 167/668: dist\lib\DateChooser.jar:/datechooser/beans/editor/backrender/BackRendererEditorPane$Preview.class
 168/668: dist\lib\DateChooser.jar:/datechooser/beans/editor/backrender/BackRendererEditorPane.class
 169/668: dist\lib\DateChooser.jar:/datechooser/beans/editor/border/BorderEditorPane$1.class
 170/668: dist\lib\DateChooser.jar:/datechooser/beans/editor/border/BorderEditorPane$2.class
 171/668: dist\lib\DateChooser.jar:/datechooser/beans/editor/border/BorderEditorPane$BorderPreviewPane.class
 172/668: dist\lib\DateChooser.jar:/datechooser/beans/editor/border/BorderEditorPane$EditorsListModel.class
 173/668: dist\lib\DateChooser.jar:/datechooser/beans/editor/border/BorderEditorPane$OnBorderChange.class
 174/668: dist\lib\DateChooser.jar:/datechooser/beans/editor/border/BorderEditorPane$TypesListRenderer.class
 175/668: dist\lib\DateChooser.jar:/datechooser/beans/editor/border/BorderEditorPane.class
 176/668: dist\lib\DateChooser.jar:/datechooser/beans/editor/border/SimpleBorderEditor.class
 177/668: dist\lib\DateChooser.jar:/datechooser/beans/editor/border/types/AbstractBevelBorderEditor$1.class
 178/668: dist\lib\DateChooser.jar:/datechooser/beans/editor/border/types/AbstractBevelBorderEditor.class
 179/668: dist\lib\DateChooser.jar:/datechooser/beans/editor/border/types/AbstractBorderEditor.class
 180/668: dist\lib\DateChooser.jar:/datechooser/beans/editor/border/types/BevelBorderEditor.class
 181/668: dist\lib\DateChooser.jar:/datechooser/beans/editor/border/types/CompoundBorderEditor$1.class
 182/668: dist\lib\DateChooser.jar:/datechooser/beans/editor/border/types/CompoundBorderEditor$2.class
 183/668: dist\lib\DateChooser.jar:/datechooser/beans/editor/border/types/CompoundBorderEditor.class
 184/668: dist\lib\DateChooser.jar:/datechooser/beans/editor/border/types/DefaultBorderEditor.class
 185/668: dist\lib\DateChooser.jar:/datechooser/beans/editor/border/types/EmptyBorderEditor.class
 186/668: dist\lib\DateChooser.jar:/datechooser/beans/editor/border/types/EtchedBorderEditor$1.class
 187/668: dist\lib\DateChooser.jar:/datechooser/beans/editor/border/types/EtchedBorderEditor.class
 188/668: dist\lib\DateChooser.jar:/datechooser/beans/editor/border/types/LineBorderEditor$1.class
 189/668: dist\lib\DateChooser.jar:/datechooser/beans/editor/border/types/LineBorderEditor$2.class
 190/668: dist\lib\DateChooser.jar:/datechooser/beans/editor/border/types/LineBorderEditor.class
 191/668: dist\lib\DateChooser.jar:/datechooser/beans/editor/border/types/MatteBorderEditor$1.class
 192/668: dist\lib\DateChooser.jar:/datechooser/beans/editor/border/types/MatteBorderEditor$ColorListener.class
 193/668: dist\lib\DateChooser.jar:/datechooser/beans/editor/border/types/MatteBorderEditor$InsetsListener.class
 194/668: dist\lib\DateChooser.jar:/datechooser/beans/editor/border/types/MatteBorderEditor.class
 195/668: dist\lib\DateChooser.jar:/datechooser/beans/editor/border/types/NoBorderEditor.class
 196/668: dist\lib\DateChooser.jar:/datechooser/beans/editor/border/types/SoftBevelBorderEditor.class
 197/668: dist\lib\DateChooser.jar:/datechooser/beans/editor/border/types/TitledBorderEditor$1.class
 198/668: dist\lib\DateChooser.jar:/datechooser/beans/editor/border/types/TitledBorderEditor$2.class
 199/668: dist\lib\DateChooser.jar:/datechooser/beans/editor/border/types/TitledBorderEditor$3.class
 200/668: dist\lib\DateChooser.jar:/datechooser/beans/editor/border/types/TitledBorderEditor$4.class
 201/668: dist\lib\DateChooser.jar:/datechooser/beans/editor/border/types/TitledBorderEditor$5.class
 202/668: dist\lib\DateChooser.jar:/datechooser/beans/editor/border/types/TitledBorderEditor.class
 203/668: dist\lib\DateChooser.jar:/datechooser/beans/editor/cell/CellDraw.class
 204/668: dist\lib\DateChooser.jar:/datechooser/beans/editor/cell/CellEditorPane$1.class
 205/668: dist\lib\DateChooser.jar:/datechooser/beans/editor/cell/CellEditorPane$2.class
 206/668: dist\lib\DateChooser.jar:/datechooser/beans/editor/cell/CellEditorPane$3.class
 207/668: dist\lib\DateChooser.jar:/datechooser/beans/editor/cell/CellEditorPane.class
 208/668: dist\lib\DateChooser.jar:/datechooser/beans/editor/cell/CellPreview$1.class
 209/668: dist\lib\DateChooser.jar:/datechooser/beans/editor/cell/CellPreview$2.class
 210/668: dist\lib\DateChooser.jar:/datechooser/beans/editor/cell/CellPreview$3.class
 211/668: dist\lib\DateChooser.jar:/datechooser/beans/editor/cell/CellPreview.class
 212/668: dist\lib\DateChooser.jar:/datechooser/beans/editor/cell/CellViewEditor.class
 213/668: dist\lib\DateChooser.jar:/datechooser/beans/editor/cell/CustomCellEditorPane$1.class
 214/668: dist\lib\DateChooser.jar:/datechooser/beans/editor/cell/CustomCellEditorPane$2.class
 215/668: dist\lib\DateChooser.jar:/datechooser/beans/editor/cell/CustomCellEditorPane$3.class
 216/668: dist\lib\DateChooser.jar:/datechooser/beans/editor/cell/CustomCellEditorPane.class
 217/668: dist\lib\DateChooser.jar:/datechooser/beans/editor/cell/MainCellEditorPane.class
 218/668: dist\lib\DateChooser.jar:/datechooser/beans/editor/cell/SwingCellEditorPane.class
 219/668: dist\lib\DateChooser.jar:/datechooser/beans/editor/dates/DateEditor.class
 220/668: dist\lib\DateChooser.jar:/datechooser/beans/editor/dates/DateEditorPane$1.class
 221/668: dist\lib\DateChooser.jar:/datechooser/beans/editor/dates/DateEditorPane$2.class
 222/668: dist\lib\DateChooser.jar:/datechooser/beans/editor/dates/DateEditorPane.class
 223/668: dist\lib\DateChooser.jar:/datechooser/beans/editor/dates/PeriodsEditor.class
 224/668: dist\lib\DateChooser.jar:/datechooser/beans/editor/dates/PeriodsEditorPane$1.class
 225/668: dist\lib\DateChooser.jar:/datechooser/beans/editor/dates/PeriodsEditorPane.class
 226/668: dist\lib\DateChooser.jar:/datechooser/beans/editor/descriptor/AppearancesListDescriptor.class
 227/668: dist\lib\DateChooser.jar:/datechooser/beans/editor/descriptor/BackRendererDescriptor.class
 228/668: dist\lib\DateChooser.jar:/datechooser/beans/editor/descriptor/BorderDescriptor.class
 229/668: dist\lib\DateChooser.jar:/datechooser/beans/editor/descriptor/ClassDescriptor.class
 230/668: dist\lib\DateChooser.jar:/datechooser/beans/editor/descriptor/ColorDescriptor.class
 231/668: dist\lib\DateChooser.jar:/datechooser/beans/editor/descriptor/CustomCellAppearanceDescriptor.class
 232/668: dist\lib\DateChooser.jar:/datechooser/beans/editor/descriptor/DescriptionManager.class
 233/668: dist\lib\DateChooser.jar:/datechooser/beans/editor/descriptor/FontDescriptor.class
 234/668: dist\lib\DateChooser.jar:/datechooser/beans/editor/descriptor/GregorianCalendarDescriptor.class
 235/668: dist\lib\DateChooser.jar:/datechooser/beans/editor/descriptor/IntegerDescriptor.class
 236/668: dist\lib\DateChooser.jar:/datechooser/beans/editor/descriptor/LocaleDescriptor.class
 237/668: dist\lib\DateChooser.jar:/datechooser/beans/editor/descriptor/ModelBehaviorDescriptor$1.class
 238/668: dist\lib\DateChooser.jar:/datechooser/beans/editor/descriptor/ModelBehaviorDescriptor.class
 239/668: dist\lib\DateChooser.jar:/datechooser/beans/editor/descriptor/PeriodDescriptor.class
 240/668: dist\lib\DateChooser.jar:/datechooser/beans/editor/descriptor/PeriodSetDescriptor.class
 241/668: dist\lib\DateChooser.jar:/datechooser/beans/editor/descriptor/StringDescriptor.class
 242/668: dist\lib\DateChooser.jar:/datechooser/beans/editor/descriptor/SwingCellAppearanceDescriptor.class
 243/668: dist\lib\DateChooser.jar:/datechooser/beans/editor/descriptor/ViewDescriptor.class
 244/668: dist\lib\DateChooser.jar:/datechooser/beans/editor/descriptor/WeekDaysStyleDescriptor$1.class
 245/668: dist\lib\DateChooser.jar:/datechooser/beans/editor/descriptor/WeekDaysStyleDescriptor.class
 246/668: dist\lib\DateChooser.jar:/datechooser/beans/editor/dimension/SimpleDimensionEditor.class
 247/668: dist\lib\DateChooser.jar:/datechooser/beans/editor/dimension/SimpleDimensionEditorPane$1.class
 248/668: dist\lib\DateChooser.jar:/datechooser/beans/editor/dimension/SimpleDimensionEditorPane$Preview.class
 249/668: dist\lib\DateChooser.jar:/datechooser/beans/editor/dimension/SimpleDimensionEditorPane.class
 250/668: dist\lib\DateChooser.jar:/datechooser/beans/editor/font/FontEditorPane$1.class
 251/668: dist\lib\DateChooser.jar:/datechooser/beans/editor/font/FontEditorPane.class
 252/668: dist\lib\DateChooser.jar:/datechooser/beans/editor/font/FontPreviewPane.class
 253/668: dist\lib\DateChooser.jar:/datechooser/beans/editor/font/FontSelectPane$OnChange.class
 254/668: dist\lib\DateChooser.jar:/datechooser/beans/editor/font/FontSelectPane.class
 255/668: dist\lib\DateChooser.jar:/datechooser/beans/editor/font/SimpleFontEditor.class
 256/668: dist\lib\DateChooser.jar:/datechooser/beans/editor/locale/LocaleEditor.class
 257/668: dist\lib\DateChooser.jar:/datechooser/beans/editor/locale/LocaleEditorPane$1.class
 258/668: dist\lib\DateChooser.jar:/datechooser/beans/editor/locale/LocaleEditorPane$2.class
 259/668: dist\lib\DateChooser.jar:/datechooser/beans/editor/locale/LocaleEditorPane.class
 260/668: dist\lib\DateChooser.jar:/datechooser/beans/editor/locale/LocaleSet.class
 261/668: dist\lib\DateChooser.jar:/datechooser/beans/editor/utils/ColorChooseAction.class
 262/668: dist\lib\DateChooser.jar:/datechooser/beans/editor/utils/ColorHolder.class
 263/668: dist\lib\DateChooser.jar:/datechooser/beans/editor/utils/EditorDialog$1.class
 264/668: dist\lib\DateChooser.jar:/datechooser/beans/editor/utils/EditorDialog$OnClick.class
 265/668: dist\lib\DateChooser.jar:/datechooser/beans/editor/utils/EditorDialog.class
 266/668: dist\lib\DateChooser.jar:/datechooser/beans/editor/utils/InsetsPanel$OnChange.class
 267/668: dist\lib\DateChooser.jar:/datechooser/beans/editor/utils/InsetsPanel.class
 268/668: dist\lib\DateChooser.jar:/datechooser/beans/editor/utils/NamedInt.class
 269/668: dist\lib\DateChooser.jar:/datechooser/beans/editor/utils/RiseLowPanel.class
 270/668: dist\lib\DateChooser.jar:/datechooser/beans/editor/utils/SpinPane.class
 271/668: dist\lib\DateChooser.jar:/datechooser/beans/editor/utils/TextOutput.class
 272/668: dist\lib\DateChooser.jar:/datechooser/beans/locale/LocaleUtils.class
 273/668: dist\lib\DateChooser.jar:/datechooser/beans/pic/Pictures.class
 274/668: dist\lib\DateChooser.jar:/datechooser/controller/ControllerException.class
 275/668: dist\lib\DateChooser.jar:/datechooser/controller/DateChooseController.class
 276/668: dist\lib\DateChooser.jar:/datechooser/controller/EventHandler.class
 277/668: dist\lib\DateChooser.jar:/datechooser/controller/EventHandlerMultiply.class
 278/668: dist\lib\DateChooser.jar:/datechooser/controller/FooEventHandler.class
 279/668: dist\lib\DateChooser.jar:/datechooser/controller/GridSelection.class
 280/668: dist\lib\DateChooser.jar:/datechooser/events/CommitEvent.class
 281/668: dist\lib\DateChooser.jar:/datechooser/events/CommitListener.class
 282/668: dist\lib\DateChooser.jar:/datechooser/events/CursorMoveEvent.class
 283/668: dist\lib\DateChooser.jar:/datechooser/events/CursorMoveListener.class
 284/668: dist\lib\DateChooser.jar:/datechooser/events/SelectionChangedEvent.class
 285/668: dist\lib\DateChooser.jar:/datechooser/events/SelectionChangedListener.class
 286/668: dist\lib\DateChooser.jar:/datechooser/model/AbstractDateChooseModel.class
 287/668: dist\lib\DateChooser.jar:/datechooser/model/CellState.class
 288/668: dist\lib\DateChooser.jar:/datechooser/model/DateChoose.class
 289/668: dist\lib\DateChooser.jar:/datechooser/model/DateUtils.class
 290/668: dist\lib\DateChooser.jar:/datechooser/model/DaysGrid.class
 291/668: dist\lib\DateChooser.jar:/datechooser/model/FooModel.class
 292/668: dist\lib\DateChooser.jar:/datechooser/model/exeptions/CalendarModelExeption.class
 293/668: dist\lib\DateChooser.jar:/datechooser/model/exeptions/IncompatibleDataExeption.class
 294/668: dist\lib\DateChooser.jar:/datechooser/model/multiple/DateOutputStyle.class
 295/668: dist\lib\DateChooser.jar:/datechooser/model/multiple/MultyDateChoose.class
 296/668: dist\lib\DateChooser.jar:/datechooser/model/multiple/MultyDateChooseModel$1.class
 297/668: dist\lib\DateChooser.jar:/datechooser/model/multiple/MultyDateChooseModel.class
 298/668: dist\lib\DateChooser.jar:/datechooser/model/multiple/MultyModelBehavior.class
 299/668: dist\lib\DateChooser.jar:/datechooser/model/multiple/MultySelectModes.class
 300/668: dist\lib\DateChooser.jar:/datechooser/model/multiple/Period.class
 301/668: dist\lib\DateChooser.jar:/datechooser/model/multiple/PeriodSet.class
 302/668: dist\lib\DateChooser.jar:/datechooser/model/single/SingleDateChoose.class
 303/668: dist\lib\DateChooser.jar:/datechooser/model/single/SingleDateChooseModel.class
 304/668: dist\lib\DateChooser.jar:/datechooser/view/AbstractNavigatePane$OnShowChange.class
 305/668: dist\lib\DateChooser.jar:/datechooser/view/AbstractNavigatePane.class
 306/668: dist\lib\DateChooser.jar:/datechooser/view/BackRenderer.class
 307/668: dist\lib\DateChooser.jar:/datechooser/view/ButtonNavigatePane$1.class
 308/668: dist\lib\DateChooser.jar:/datechooser/view/ButtonNavigatePane$OnClick.class
 309/668: dist\lib\DateChooser.jar:/datechooser/view/ButtonNavigatePane.class
 310/668: dist\lib\DateChooser.jar:/datechooser/view/CalendarPane.class
 311/668: dist\lib\DateChooser.jar:/datechooser/view/ComboNavigatePane$1.class
 312/668: dist\lib\DateChooser.jar:/datechooser/view/ComboNavigatePane.class
 313/668: dist\lib\DateChooser.jar:/datechooser/view/GridPane$1.class
 314/668: dist\lib\DateChooser.jar:/datechooser/view/GridPane$2.class
 315/668: dist\lib\DateChooser.jar:/datechooser/view/GridPane$3.class
 316/668: dist\lib\DateChooser.jar:/datechooser/view/GridPane.class
 317/668: dist\lib\DateChooser.jar:/datechooser/view/WeekDaysStyle.class
 318/668: dist\lib\DateChooser.jar:/datechooser/view/appearance/AppearancesList.class
 319/668: dist\lib\DateChooser.jar:/datechooser/view/appearance/CellAppearance.class
 320/668: dist\lib\DateChooser.jar:/datechooser/view/appearance/CellAttributes.class
 321/668: dist\lib\DateChooser.jar:/datechooser/view/appearance/CellRenderer.class
 322/668: dist\lib\DateChooser.jar:/datechooser/view/appearance/ViewAppearance.class
 323/668: dist\lib\DateChooser.jar:/datechooser/view/appearance/custom/CustomCellAppearance.class
 324/668: dist\lib\DateChooser.jar:/datechooser/view/appearance/custom/CustomCellAttributes.class
 325/668: dist\lib\DateChooser.jar:/datechooser/view/appearance/custom/CustomCellRenderer.class
 326/668: dist\lib\DateChooser.jar:/datechooser/view/appearance/swing/ButtonPainter.class
 327/668: dist\lib\DateChooser.jar:/datechooser/view/appearance/swing/LabelPainter.class
 328/668: dist\lib\DateChooser.jar:/datechooser/view/appearance/swing/Painter.class
 329/668: dist\lib\DateChooser.jar:/datechooser/view/appearance/swing/SwingCellAppearance.class
 330/668: dist\lib\DateChooser.jar:/datechooser/view/appearance/swing/SwingCellAttributes.class
 331/668: dist\lib\DateChooser.jar:/datechooser/view/appearance/swing/SwingCellRenderer.class
 332/668: dist\lib\DateChooser.jar:/datechooser/view/pic/ViewPictures.class
 333/668: dist\lib\beansbinding-1.2.1.jar:/org/jdesktop/beansbinding/AbstractBindingListener.class
 334/668: dist\lib\beansbinding-1.2.1.jar:/org/jdesktop/beansbinding/AutoBinding$UpdateStrategy.class
 335/668: dist\lib\beansbinding-1.2.1.jar:/org/jdesktop/beansbinding/AutoBinding.class
 336/668: dist\lib\beansbinding-1.2.1.jar:/org/jdesktop/beansbinding/BeanProperty$1.class
 337/668: dist\lib\beansbinding-1.2.1.jar:/org/jdesktop/beansbinding/BeanProperty$SourceEntry.class
 338/668: dist\lib\beansbinding-1.2.1.jar:/org/jdesktop/beansbinding/BeanProperty.class
 339/668: dist\lib\beansbinding-1.2.1.jar:/org/jdesktop/beansbinding/Binding$1.class
 340/668: dist\lib\beansbinding-1.2.1.jar:/org/jdesktop/beansbinding/Binding$PSL.class
 341/668: dist\lib\beansbinding-1.2.1.jar:/org/jdesktop/beansbinding/Binding$SyncFailure.class
 342/668: dist\lib\beansbinding-1.2.1.jar:/org/jdesktop/beansbinding/Binding$SyncFailureType.class
 343/668: dist\lib\beansbinding-1.2.1.jar:/org/jdesktop/beansbinding/Binding$ValueResult.class
 344/668: dist\lib\beansbinding-1.2.1.jar:/org/jdesktop/beansbinding/Binding.class
 345/668: dist\lib\beansbinding-1.2.1.jar:/org/jdesktop/beansbinding/BindingGroup$1.class
 346/668: dist\lib\beansbinding-1.2.1.jar:/org/jdesktop/beansbinding/BindingGroup$Handler.class
 347/668: dist\lib\beansbinding-1.2.1.jar:/org/jdesktop/beansbinding/BindingGroup.class
 348/668: dist\lib\beansbinding-1.2.1.jar:/org/jdesktop/beansbinding/BindingListener.class
 349/668: dist\lib\beansbinding-1.2.1.jar:/org/jdesktop/beansbinding/Bindings.class
 350/668: dist\lib\beansbinding-1.2.1.jar:/org/jdesktop/beansbinding/Converter$1.class
 351/668: dist\lib\beansbinding-1.2.1.jar:/org/jdesktop/beansbinding/Converter$10.class
 352/668: dist\lib\beansbinding-1.2.1.jar:/org/jdesktop/beansbinding/Converter$11.class
 353/668: dist\lib\beansbinding-1.2.1.jar:/org/jdesktop/beansbinding/Converter$2.class
 354/668: dist\lib\beansbinding-1.2.1.jar:/org/jdesktop/beansbinding/Converter$3.class
 355/668: dist\lib\beansbinding-1.2.1.jar:/org/jdesktop/beansbinding/Converter$4.class
 356/668: dist\lib\beansbinding-1.2.1.jar:/org/jdesktop/beansbinding/Converter$5.class
 357/668: dist\lib\beansbinding-1.2.1.jar:/org/jdesktop/beansbinding/Converter$6.class
 358/668: dist\lib\beansbinding-1.2.1.jar:/org/jdesktop/beansbinding/Converter$7.class
 359/668: dist\lib\beansbinding-1.2.1.jar:/org/jdesktop/beansbinding/Converter$8.class
 360/668: dist\lib\beansbinding-1.2.1.jar:/org/jdesktop/beansbinding/Converter$9.class
 361/668: dist\lib\beansbinding-1.2.1.jar:/org/jdesktop/beansbinding/Converter.class
 362/668: dist\lib\beansbinding-1.2.1.jar:/org/jdesktop/beansbinding/ELProperty$1.class
 363/668: dist\lib\beansbinding-1.2.1.jar:/org/jdesktop/beansbinding/ELProperty$RegisteredListener.class
 364/668: dist\lib\beansbinding-1.2.1.jar:/org/jdesktop/beansbinding/ELProperty$SourceEntry.class
 365/668: dist\lib\beansbinding-1.2.1.jar:/org/jdesktop/beansbinding/ELProperty.class
 366/668: dist\lib\beansbinding-1.2.1.jar:/org/jdesktop/beansbinding/ObjectProperty.class
 367/668: dist\lib\beansbinding-1.2.1.jar:/org/jdesktop/beansbinding/Property.class
 368/668: dist\lib\beansbinding-1.2.1.jar:/org/jdesktop/beansbinding/PropertyHelper.class
 369/668: dist\lib\beansbinding-1.2.1.jar:/org/jdesktop/beansbinding/PropertyPath$1.class
 370/668: dist\lib\beansbinding-1.2.1.jar:/org/jdesktop/beansbinding/PropertyPath$MultiPropertyPath.class
 371/668: dist\lib\beansbinding-1.2.1.jar:/org/jdesktop/beansbinding/PropertyPath$SinglePropertyPath.class
 372/668: dist\lib\beansbinding-1.2.1.jar:/org/jdesktop/beansbinding/PropertyPath.class
 373/668: dist\lib\beansbinding-1.2.1.jar:/org/jdesktop/beansbinding/PropertyResolutionException.class
 374/668: dist\lib\beansbinding-1.2.1.jar:/org/jdesktop/beansbinding/PropertyStateEvent.class
 375/668: dist\lib\beansbinding-1.2.1.jar:/org/jdesktop/beansbinding/PropertyStateListener.class
 376/668: dist\lib\beansbinding-1.2.1.jar:/org/jdesktop/beansbinding/TempELContext$1.class
 377/668: dist\lib\beansbinding-1.2.1.jar:/org/jdesktop/beansbinding/TempELContext$BeanDelegateELResolver.class
 378/668: dist\lib\beansbinding-1.2.1.jar:/org/jdesktop/beansbinding/TempELContext.class
 379/668: dist\lib\beansbinding-1.2.1.jar:/org/jdesktop/beansbinding/Validator$Result.class
 380/668: dist\lib\beansbinding-1.2.1.jar:/org/jdesktop/beansbinding/Validator.class
 381/668: dist\lib\beansbinding-1.2.1.jar:/org/jdesktop/beansbinding/ext/BeanAdapterFactory$VendedAdapter.class
 382/668: dist\lib\beansbinding-1.2.1.jar:/org/jdesktop/beansbinding/ext/BeanAdapterFactory.class
 383/668: dist\lib\beansbinding-1.2.1.jar:/org/jdesktop/beansbinding/ext/BeanAdapterProvider.class
 384/668: dist\lib\beansbinding-1.2.1.jar:/org/jdesktop/el/ArrayELResolver.class
 385/668: dist\lib\beansbinding-1.2.1.jar:/org/jdesktop/el/BeanELResolver$BeanProperties.class
 386/668: dist\lib\beansbinding-1.2.1.jar:/org/jdesktop/el/BeanELResolver$BeanProperty.class
 387/668: dist\lib\beansbinding-1.2.1.jar:/org/jdesktop/el/BeanELResolver.class
 388/668: dist\lib\beansbinding-1.2.1.jar:/org/jdesktop/el/CompositeELResolver$CompositeIterator.class
 389/668: dist\lib\beansbinding-1.2.1.jar:/org/jdesktop/el/CompositeELResolver.class
 390/668: dist\lib\beansbinding-1.2.1.jar:/org/jdesktop/el/ELContext.class
 391/668: dist\lib\beansbinding-1.2.1.jar:/org/jdesktop/el/ELContextEvent.class
 392/668: dist\lib\beansbinding-1.2.1.jar:/org/jdesktop/el/ELContextListener.class
 393/668: dist\lib\beansbinding-1.2.1.jar:/org/jdesktop/el/ELException.class
 394/668: dist\lib\beansbinding-1.2.1.jar:/org/jdesktop/el/ELResolver.class
 395/668: dist\lib\beansbinding-1.2.1.jar:/org/jdesktop/el/ELUtil$1.class
 396/668: dist\lib\beansbinding-1.2.1.jar:/org/jdesktop/el/ELUtil.class
 397/668: dist\lib\beansbinding-1.2.1.jar:/org/jdesktop/el/Expression$ResolvedProperty.class
 398/668: dist\lib\beansbinding-1.2.1.jar:/org/jdesktop/el/Expression$Result$Type.class
 399/668: dist\lib\beansbinding-1.2.1.jar:/org/jdesktop/el/Expression$Result.class
 400/668: dist\lib\beansbinding-1.2.1.jar:/org/jdesktop/el/Expression.class
 401/668: dist\lib\beansbinding-1.2.1.jar:/org/jdesktop/el/ExpressionFactory.class
 402/668: dist\lib\beansbinding-1.2.1.jar:/org/jdesktop/el/FunctionMapper.class
 403/668: dist\lib\beansbinding-1.2.1.jar:/org/jdesktop/el/ListELResolver.class
 404/668: dist\lib\beansbinding-1.2.1.jar:/org/jdesktop/el/MapELResolver.class
 405/668: dist\lib\beansbinding-1.2.1.jar:/org/jdesktop/el/MethodExpression.class
 406/668: dist\lib\beansbinding-1.2.1.jar:/org/jdesktop/el/MethodInfo.class
 407/668: dist\lib\beansbinding-1.2.1.jar:/org/jdesktop/el/MethodNotFoundException.class
 408/668: dist\lib\beansbinding-1.2.1.jar:/org/jdesktop/el/PropertyNotFoundException.class
 409/668: dist\lib\beansbinding-1.2.1.jar:/org/jdesktop/el/PropertyNotWritableException.class
 410/668: dist\lib\beansbinding-1.2.1.jar:/org/jdesktop/el/ResourceBundleELResolver.class
 411/668: dist\lib\beansbinding-1.2.1.jar:/org/jdesktop/el/ValueExpression.class
 412/668: dist\lib\beansbinding-1.2.1.jar:/org/jdesktop/el/VariableMapper.class
 413/668: dist\lib\beansbinding-1.2.1.jar:/org/jdesktop/el/impl/ExpressionFactoryImpl.class
 414/668: dist\lib\beansbinding-1.2.1.jar:/org/jdesktop/el/impl/MethodExpressionImpl.class
 415/668: dist\lib\beansbinding-1.2.1.jar:/org/jdesktop/el/impl/MethodExpressionLiteral.class
 416/668: dist\lib\beansbinding-1.2.1.jar:/org/jdesktop/el/impl/ValueExpressionImpl.class
 417/668: dist\lib\beansbinding-1.2.1.jar:/org/jdesktop/el/impl/ValueExpressionLiteral.class
 418/668: dist\lib\beansbinding-1.2.1.jar:/org/jdesktop/el/impl/lang/ELArithmetic$BigDecimalDelegate.class
 419/668: dist\lib\beansbinding-1.2.1.jar:/org/jdesktop/el/impl/lang/ELArithmetic$BigIntegerDelegate.class
 420/668: dist\lib\beansbinding-1.2.1.jar:/org/jdesktop/el/impl/lang/ELArithmetic$DoubleDelegate.class
 421/668: dist\lib\beansbinding-1.2.1.jar:/org/jdesktop/el/impl/lang/ELArithmetic$LongDelegate.class
 422/668: dist\lib\beansbinding-1.2.1.jar:/org/jdesktop/el/impl/lang/ELArithmetic.class
 423/668: dist\lib\beansbinding-1.2.1.jar:/org/jdesktop/el/impl/lang/ELSupport.class
 424/668: dist\lib\beansbinding-1.2.1.jar:/org/jdesktop/el/impl/lang/EvaluationContext.class
 425/668: dist\lib\beansbinding-1.2.1.jar:/org/jdesktop/el/impl/lang/ExpressionBuilder.class
 426/668: dist\lib\beansbinding-1.2.1.jar:/org/jdesktop/el/impl/lang/FunctionMapperFactory.class
 427/668: dist\lib\beansbinding-1.2.1.jar:/org/jdesktop/el/impl/lang/FunctionMapperImpl$Function.class
 428/668: dist\lib\beansbinding-1.2.1.jar:/org/jdesktop/el/impl/lang/FunctionMapperImpl.class
 429/668: dist\lib\beansbinding-1.2.1.jar:/org/jdesktop/el/impl/lang/VariableMapperFactory.class
 430/668: dist\lib\beansbinding-1.2.1.jar:/org/jdesktop/el/impl/lang/VariableMapperImpl.class
 431/668: dist\lib\beansbinding-1.2.1.jar:/org/jdesktop/el/impl/parser/ArithmeticNode.class
 432/668: dist\lib\beansbinding-1.2.1.jar:/org/jdesktop/el/impl/parser/AstAnd.class
 433/668: dist\lib\beansbinding-1.2.1.jar:/org/jdesktop/el/impl/parser/AstBracketSuffix.class
 434/668: dist\lib\beansbinding-1.2.1.jar:/org/jdesktop/el/impl/parser/AstChoice.class
 435/668: dist\lib\beansbinding-1.2.1.jar:/org/jdesktop/el/impl/parser/AstCompositeExpression.class
 436/668: dist\lib\beansbinding-1.2.1.jar:/org/jdesktop/el/impl/parser/AstDeferredExpression.class
 437/668: dist\lib\beansbinding-1.2.1.jar:/org/jdesktop/el/impl/parser/AstDiv.class
 438/668: dist\lib\beansbinding-1.2.1.jar:/org/jdesktop/el/impl/parser/AstDotSuffix.class
 439/668: dist\lib\beansbinding-1.2.1.jar:/org/jdesktop/el/impl/parser/AstDynamicExpression.class
 440/668: dist\lib\beansbinding-1.2.1.jar:/org/jdesktop/el/impl/parser/AstEmpty.class
 441/668: dist\lib\beansbinding-1.2.1.jar:/org/jdesktop/el/impl/parser/AstEqual.class
 442/668: dist\lib\beansbinding-1.2.1.jar:/org/jdesktop/el/impl/parser/AstFalse.class
 443/668: dist\lib\beansbinding-1.2.1.jar:/org/jdesktop/el/impl/parser/AstFloatingPoint.class
 444/668: dist\lib\beansbinding-1.2.1.jar:/org/jdesktop/el/impl/parser/AstFunction.class
 445/668: dist\lib\beansbinding-1.2.1.jar:/org/jdesktop/el/impl/parser/AstGreaterThan.class
 446/668: dist\lib\beansbinding-1.2.1.jar:/org/jdesktop/el/impl/parser/AstGreaterThanEqual.class
 447/668: dist\lib\beansbinding-1.2.1.jar:/org/jdesktop/el/impl/parser/AstIdentifier.class
 448/668: dist\lib\beansbinding-1.2.1.jar:/org/jdesktop/el/impl/parser/AstInteger.class
 449/668: dist\lib\beansbinding-1.2.1.jar:/org/jdesktop/el/impl/parser/AstLessThan.class
 450/668: dist\lib\beansbinding-1.2.1.jar:/org/jdesktop/el/impl/parser/AstLessThanEqual.class
 451/668: dist\lib\beansbinding-1.2.1.jar:/org/jdesktop/el/impl/parser/AstLiteralExpression.class
 452/668: dist\lib\beansbinding-1.2.1.jar:/org/jdesktop/el/impl/parser/AstMinus.class
 453/668: dist\lib\beansbinding-1.2.1.jar:/org/jdesktop/el/impl/parser/AstMod.class
 454/668: dist\lib\beansbinding-1.2.1.jar:/org/jdesktop/el/impl/parser/AstMult.class
 455/668: dist\lib\beansbinding-1.2.1.jar:/org/jdesktop/el/impl/parser/AstNegative.class
 456/668: dist\lib\beansbinding-1.2.1.jar:/org/jdesktop/el/impl/parser/AstNot.class
 457/668: dist\lib\beansbinding-1.2.1.jar:/org/jdesktop/el/impl/parser/AstNotEqual.class
 458/668: dist\lib\beansbinding-1.2.1.jar:/org/jdesktop/el/impl/parser/AstNull.class
 459/668: dist\lib\beansbinding-1.2.1.jar:/org/jdesktop/el/impl/parser/AstOr.class
 460/668: dist\lib\beansbinding-1.2.1.jar:/org/jdesktop/el/impl/parser/AstPlus.class
 461/668: dist\lib\beansbinding-1.2.1.jar:/org/jdesktop/el/impl/parser/AstString.class
 462/668: dist\lib\beansbinding-1.2.1.jar:/org/jdesktop/el/impl/parser/AstTrue.class
 463/668: dist\lib\beansbinding-1.2.1.jar:/org/jdesktop/el/impl/parser/AstValue$Target.class
 464/668: dist\lib\beansbinding-1.2.1.jar:/org/jdesktop/el/impl/parser/AstValue.class
 465/668: dist\lib\beansbinding-1.2.1.jar:/org/jdesktop/el/impl/parser/BooleanNode.class
 466/668: dist\lib\beansbinding-1.2.1.jar:/org/jdesktop/el/impl/parser/ELParser$1.class
 467/668: dist\lib\beansbinding-1.2.1.jar:/org/jdesktop/el/impl/parser/ELParser$JJCalls.class
 468/668: dist\lib\beansbinding-1.2.1.jar:/org/jdesktop/el/impl/parser/ELParser$LookaheadSuccess.class
 469/668: dist\lib\beansbinding-1.2.1.jar:/org/jdesktop/el/impl/parser/ELParser.class
 470/668: dist\lib\beansbinding-1.2.1.jar:/org/jdesktop/el/impl/parser/ELParserConstants.class
 471/668: dist\lib\beansbinding-1.2.1.jar:/org/jdesktop/el/impl/parser/ELParserTokenManager.class
 472/668: dist\lib\beansbinding-1.2.1.jar:/org/jdesktop/el/impl/parser/ELParserTreeConstants.class
 473/668: dist\lib\beansbinding-1.2.1.jar:/org/jdesktop/el/impl/parser/JJTELParserState.class
 474/668: dist\lib\beansbinding-1.2.1.jar:/org/jdesktop/el/impl/parser/Node.class
 475/668: dist\lib\beansbinding-1.2.1.jar:/org/jdesktop/el/impl/parser/NodeVisitor.class
 476/668: dist\lib\beansbinding-1.2.1.jar:/org/jdesktop/el/impl/parser/ParseException.class
 477/668: dist\lib\beansbinding-1.2.1.jar:/org/jdesktop/el/impl/parser/SimpleCharStream.class
 478/668: dist\lib\beansbinding-1.2.1.jar:/org/jdesktop/el/impl/parser/SimpleNode.class
 479/668: dist\lib\beansbinding-1.2.1.jar:/org/jdesktop/el/impl/parser/Token.class
 480/668: dist\lib\beansbinding-1.2.1.jar:/org/jdesktop/el/impl/parser/TokenMgrError.class
 481/668: dist\lib\beansbinding-1.2.1.jar:/org/jdesktop/el/impl/util/MessageFactory.class
 482/668: dist\lib\beansbinding-1.2.1.jar:/org/jdesktop/el/impl/util/ReflectionUtil.class
 483/668: dist\lib\beansbinding-1.2.1.jar:/org/jdesktop/observablecollections/ObservableCollections$1.class
 484/668: dist\lib\beansbinding-1.2.1.jar:/org/jdesktop/observablecollections/ObservableCollections$ObservableListHelper.class
 485/668: dist\lib\beansbinding-1.2.1.jar:/org/jdesktop/observablecollections/ObservableCollections$ObservableListImpl.class
 486/668: dist\lib\beansbinding-1.2.1.jar:/org/jdesktop/observablecollections/ObservableCollections$ObservableMapImpl$EntryIterator.class
 487/668: dist\lib\beansbinding-1.2.1.jar:/org/jdesktop/observablecollections/ObservableCollections$ObservableMapImpl$EntrySet.class
 488/668: dist\lib\beansbinding-1.2.1.jar:/org/jdesktop/observablecollections/ObservableCollections$ObservableMapImpl.class
 489/668: dist\lib\beansbinding-1.2.1.jar:/org/jdesktop/observablecollections/ObservableCollections.class
 490/668: dist\lib\beansbinding-1.2.1.jar:/org/jdesktop/observablecollections/ObservableList.class
 491/668: dist\lib\beansbinding-1.2.1.jar:/org/jdesktop/observablecollections/ObservableListListener.class
 492/668: dist\lib\beansbinding-1.2.1.jar:/org/jdesktop/observablecollections/ObservableMap.class
 493/668: dist\lib\beansbinding-1.2.1.jar:/org/jdesktop/observablecollections/ObservableMapListener.class
 494/668: dist\lib\beansbinding-1.2.1.jar:/org/jdesktop/swingbinding/ElementsProperty$ElementsPropertyStateEvent.class
 495/668: dist\lib\beansbinding-1.2.1.jar:/org/jdesktop/swingbinding/ElementsProperty.class
 496/668: dist\lib\beansbinding-1.2.1.jar:/org/jdesktop/swingbinding/JComboBoxBinding$1.class
 497/668: dist\lib\beansbinding-1.2.1.jar:/org/jdesktop/swingbinding/JComboBoxBinding$BindingComboBoxModel.class
 498/668: dist\lib\beansbinding-1.2.1.jar:/org/jdesktop/swingbinding/JComboBoxBinding$Handler.class
 499/668: dist\lib\beansbinding-1.2.1.jar:/org/jdesktop/swingbinding/JComboBoxBinding.class
 500/668: dist\lib\beansbinding-1.2.1.jar:/org/jdesktop/swingbinding/JListBinding$1.class
 501/668: dist\lib\beansbinding-1.2.1.jar:/org/jdesktop/swingbinding/JListBinding$BindingListModel.class
 502/668: dist\lib\beansbinding-1.2.1.jar:/org/jdesktop/swingbinding/JListBinding$DetailBinding.class
 503/668: dist\lib\beansbinding-1.2.1.jar:/org/jdesktop/swingbinding/JListBinding$Handler.class
 504/668: dist\lib\beansbinding-1.2.1.jar:/org/jdesktop/swingbinding/JListBinding.class
 505/668: dist\lib\beansbinding-1.2.1.jar:/org/jdesktop/swingbinding/JTableBinding$1.class
 506/668: dist\lib\beansbinding-1.2.1.jar:/org/jdesktop/swingbinding/JTableBinding$BindingTableModel.class
 507/668: dist\lib\beansbinding-1.2.1.jar:/org/jdesktop/swingbinding/JTableBinding$ColumnBinding.class
 508/668: dist\lib\beansbinding-1.2.1.jar:/org/jdesktop/swingbinding/JTableBinding$ColumnProperty.class
 509/668: dist\lib\beansbinding-1.2.1.jar:/org/jdesktop/swingbinding/JTableBinding$Handler.class
 510/668: dist\lib\beansbinding-1.2.1.jar:/org/jdesktop/swingbinding/JTableBinding.class
 511/668: dist\lib\beansbinding-1.2.1.jar:/org/jdesktop/swingbinding/SwingBindings.class
 512/668: dist\lib\beansbinding-1.2.1.jar:/org/jdesktop/swingbinding/adapters/AbstractButtonAdapterProvider$1.class
 513/668: dist\lib\beansbinding-1.2.1.jar:/org/jdesktop/swingbinding/adapters/AbstractButtonAdapterProvider$Adapter$Handler.class
 514/668: dist\lib\beansbinding-1.2.1.jar:/org/jdesktop/swingbinding/adapters/AbstractButtonAdapterProvider$Adapter.class
 515/668: dist\lib\beansbinding-1.2.1.jar:/org/jdesktop/swingbinding/adapters/AbstractButtonAdapterProvider.class
 516/668: dist\lib\beansbinding-1.2.1.jar:/org/jdesktop/swingbinding/adapters/BeanAdapterBase.class
 517/668: dist\lib\beansbinding-1.2.1.jar:/org/jdesktop/swingbinding/adapters/JComboBoxAdapterProvider$1.class
 518/668: dist\lib\beansbinding-1.2.1.jar:/org/jdesktop/swingbinding/adapters/JComboBoxAdapterProvider$Adapter$Handler.class
 519/668: dist\lib\beansbinding-1.2.1.jar:/org/jdesktop/swingbinding/adapters/JComboBoxAdapterProvider$Adapter.class
 520/668: dist\lib\beansbinding-1.2.1.jar:/org/jdesktop/swingbinding/adapters/JComboBoxAdapterProvider.class
 521/668: dist\lib\beansbinding-1.2.1.jar:/org/jdesktop/swingbinding/adapters/JListAdapterProvider$1.class
 522/668: dist\lib\beansbinding-1.2.1.jar:/org/jdesktop/swingbinding/adapters/JListAdapterProvider$Adapter$Handler.class
 523/668: dist\lib\beansbinding-1.2.1.jar:/org/jdesktop/swingbinding/adapters/JListAdapterProvider$Adapter.class
 524/668: dist\lib\beansbinding-1.2.1.jar:/org/jdesktop/swingbinding/adapters/JListAdapterProvider.class
 525/668: dist\lib\beansbinding-1.2.1.jar:/org/jdesktop/swingbinding/adapters/JSliderAdapterProvider$1.class
 526/668: dist\lib\beansbinding-1.2.1.jar:/org/jdesktop/swingbinding/adapters/JSliderAdapterProvider$Adapter$Handler.class
 527/668: dist\lib\beansbinding-1.2.1.jar:/org/jdesktop/swingbinding/adapters/JSliderAdapterProvider$Adapter.class
 528/668: dist\lib\beansbinding-1.2.1.jar:/org/jdesktop/swingbinding/adapters/JSliderAdapterProvider.class
 529/668: dist\lib\beansbinding-1.2.1.jar:/org/jdesktop/swingbinding/adapters/JSpinnerAdapterProvider$1.class
 530/668: dist\lib\beansbinding-1.2.1.jar:/org/jdesktop/swingbinding/adapters/JSpinnerAdapterProvider$Adapter$Handler.class
 531/668: dist\lib\beansbinding-1.2.1.jar:/org/jdesktop/swingbinding/adapters/JSpinnerAdapterProvider$Adapter.class
 532/668: dist\lib\beansbinding-1.2.1.jar:/org/jdesktop/swingbinding/adapters/JSpinnerAdapterProvider.class
 533/668: dist\lib\beansbinding-1.2.1.jar:/org/jdesktop/swingbinding/adapters/JTableAdapterProvider$1.class
 534/668: dist\lib\beansbinding-1.2.1.jar:/org/jdesktop/swingbinding/adapters/JTableAdapterProvider$Adapter$Handler.class
 535/668: dist\lib\beansbinding-1.2.1.jar:/org/jdesktop/swingbinding/adapters/JTableAdapterProvider$Adapter.class
 536/668: dist\lib\beansbinding-1.2.1.jar:/org/jdesktop/swingbinding/adapters/JTableAdapterProvider.class
 537/668: dist\lib\beansbinding-1.2.1.jar:/org/jdesktop/swingbinding/adapters/JTextComponentAdapterProvider$1.class
 538/668: dist\lib\beansbinding-1.2.1.jar:/org/jdesktop/swingbinding/adapters/JTextComponentAdapterProvider$Adapter$Handler.class
 539/668: dist\lib\beansbinding-1.2.1.jar:/org/jdesktop/swingbinding/adapters/JTextComponentAdapterProvider$Adapter.class
 540/668: dist\lib\beansbinding-1.2.1.jar:/org/jdesktop/swingbinding/adapters/JTextComponentAdapterProvider.class
 541/668: dist\lib\beansbinding-1.2.1.jar:/org/jdesktop/swingbinding/impl/AbstractColumnBinding.class
 542/668: dist\lib\beansbinding-1.2.1.jar:/org/jdesktop/swingbinding/impl/ListBindingManager$ColumnDescriptionManager$EntryWrapper.class
 543/668: dist\lib\beansbinding-1.2.1.jar:/org/jdesktop/swingbinding/impl/ListBindingManager$ColumnDescriptionManager.class
 544/668: dist\lib\beansbinding-1.2.1.jar:/org/jdesktop/swingbinding/impl/ListBindingManager$ReusableBinding.class
 545/668: dist\lib\beansbinding-1.2.1.jar:/org/jdesktop/swingbinding/impl/ListBindingManager.class
 546/668: C:\Program Files\Java\jre1.8.0_20\lib\ext\sqlite-jdbc-3.7.2.jar:/org/ibex/nestedvm/ClassFileCompiler.class
 547/668: C:\Program Files\Java\jre1.8.0_20\lib\ext\sqlite-jdbc-3.7.2.jar:/org/ibex/nestedvm/Compiler$Exn.class
 548/668: C:\Program Files\Java\jre1.8.0_20\lib\ext\sqlite-jdbc-3.7.2.jar:/org/ibex/nestedvm/Compiler$Option.class
 549/668: C:\Program Files\Java\jre1.8.0_20\lib\ext\sqlite-jdbc-3.7.2.jar:/org/ibex/nestedvm/Compiler.class
 550/668: C:\Program Files\Java\jre1.8.0_20\lib\ext\sqlite-jdbc-3.7.2.jar:/org/ibex/nestedvm/Interpreter$DebugShutdownHook.class
 551/668: C:\Program Files\Java\jre1.8.0_20\lib\ext\sqlite-jdbc-3.7.2.jar:/org/ibex/nestedvm/Interpreter.class
 552/668: C:\Program Files\Java\jre1.8.0_20\lib\ext\sqlite-jdbc-3.7.2.jar:/org/ibex/nestedvm/JavaSourceCompiler.class
 553/668: C:\Program Files\Java\jre1.8.0_20\lib\ext\sqlite-jdbc-3.7.2.jar:/org/ibex/nestedvm/Registers.class
 554/668: C:\Program Files\Java\jre1.8.0_20\lib\ext\sqlite-jdbc-3.7.2.jar:/org/ibex/nestedvm/Runtime$1.class
 555/668: C:\Program Files\Java\jre1.8.0_20\lib\ext\sqlite-jdbc-3.7.2.jar:/org/ibex/nestedvm/Runtime$CallException.class
 556/668: C:\Program Files\Java\jre1.8.0_20\lib\ext\sqlite-jdbc-3.7.2.jar:/org/ibex/nestedvm/Runtime$CallJavaCB.class
 557/668: C:\Program Files\Java\jre1.8.0_20\lib\ext\sqlite-jdbc-3.7.2.jar:/org/ibex/nestedvm/Runtime$CPUState.class
 558/668: C:\Program Files\Java\jre1.8.0_20\lib\ext\sqlite-jdbc-3.7.2.jar:/org/ibex/nestedvm/Runtime$ErrnoException.class
 559/668: C:\Program Files\Java\jre1.8.0_20\lib\ext\sqlite-jdbc-3.7.2.jar:/org/ibex/nestedvm/Runtime$ExecutionException.class
 560/668: C:\Program Files\Java\jre1.8.0_20\lib\ext\sqlite-jdbc-3.7.2.jar:/org/ibex/nestedvm/Runtime$FaultException.class
 561/668: C:\Program Files\Java\jre1.8.0_20\lib\ext\sqlite-jdbc-3.7.2.jar:/org/ibex/nestedvm/Runtime$FD.class
 562/668: C:\Program Files\Java\jre1.8.0_20\lib\ext\sqlite-jdbc-3.7.2.jar:/org/ibex/nestedvm/Runtime$FStat.class
 563/668: C:\Program Files\Java\jre1.8.0_20\lib\ext\sqlite-jdbc-3.7.2.jar:/org/ibex/nestedvm/Runtime$HostFStat.class
 564/668: C:\Program Files\Java\jre1.8.0_20\lib\ext\sqlite-jdbc-3.7.2.jar:/org/ibex/nestedvm/Runtime$InputOutputStreamFD.class
 565/668: C:\Program Files\Java\jre1.8.0_20\lib\ext\sqlite-jdbc-3.7.2.jar:/org/ibex/nestedvm/Runtime$ReadFaultException.class
 566/668: C:\Program Files\Java\jre1.8.0_20\lib\ext\sqlite-jdbc-3.7.2.jar:/org/ibex/nestedvm/Runtime$SecurityManager.class
 567/668: C:\Program Files\Java\jre1.8.0_20\lib\ext\sqlite-jdbc-3.7.2.jar:/org/ibex/nestedvm/Runtime$SeekableFD.class
 568/668: C:\Program Files\Java\jre1.8.0_20\lib\ext\sqlite-jdbc-3.7.2.jar:/org/ibex/nestedvm/Runtime$SocketFStat.class
 569/668: C:\Program Files\Java\jre1.8.0_20\lib\ext\sqlite-jdbc-3.7.2.jar:/org/ibex/nestedvm/Runtime$TerminalFD$1.class
 570/668: C:\Program Files\Java\jre1.8.0_20\lib\ext\sqlite-jdbc-3.7.2.jar:/org/ibex/nestedvm/Runtime$TerminalFD.class
 571/668: C:\Program Files\Java\jre1.8.0_20\lib\ext\sqlite-jdbc-3.7.2.jar:/org/ibex/nestedvm/Runtime$Win32ConsoleIS.class
 572/668: C:\Program Files\Java\jre1.8.0_20\lib\ext\sqlite-jdbc-3.7.2.jar:/org/ibex/nestedvm/Runtime$WriteFaultException.class
 573/668: C:\Program Files\Java\jre1.8.0_20\lib\ext\sqlite-jdbc-3.7.2.jar:/org/ibex/nestedvm/Runtime.class
 574/668: C:\Program Files\Java\jre1.8.0_20\lib\ext\sqlite-jdbc-3.7.2.jar:/org/ibex/nestedvm/RuntimeCompiler$1.class
 575/668: C:\Program Files\Java\jre1.8.0_20\lib\ext\sqlite-jdbc-3.7.2.jar:/org/ibex/nestedvm/RuntimeCompiler$SingleClassLoader.class
 576/668: C:\Program Files\Java\jre1.8.0_20\lib\ext\sqlite-jdbc-3.7.2.jar:/org/ibex/nestedvm/RuntimeCompiler.class
 577/668: C:\Program Files\Java\jre1.8.0_20\lib\ext\sqlite-jdbc-3.7.2.jar:/org/ibex/nestedvm/UnixRuntime$1.class
 578/668: C:\Program Files\Java\jre1.8.0_20\lib\ext\sqlite-jdbc-3.7.2.jar:/org/ibex/nestedvm/UnixRuntime$CygdriveFS.class
 579/668: C:\Program Files\Java\jre1.8.0_20\lib\ext\sqlite-jdbc-3.7.2.jar:/org/ibex/nestedvm/UnixRuntime$DevFS$1$1.class
 580/668: C:\Program Files\Java\jre1.8.0_20\lib\ext\sqlite-jdbc-3.7.2.jar:/org/ibex/nestedvm/UnixRuntime$DevFS$1.class
 581/668: C:\Program Files\Java\jre1.8.0_20\lib\ext\sqlite-jdbc-3.7.2.jar:/org/ibex/nestedvm/UnixRuntime$DevFS$2$1.class
 582/668: C:\Program Files\Java\jre1.8.0_20\lib\ext\sqlite-jdbc-3.7.2.jar:/org/ibex/nestedvm/UnixRuntime$DevFS$2.class
 583/668: C:\Program Files\Java\jre1.8.0_20\lib\ext\sqlite-jdbc-3.7.2.jar:/org/ibex/nestedvm/UnixRuntime$DevFS$3.class
 584/668: C:\Program Files\Java\jre1.8.0_20\lib\ext\sqlite-jdbc-3.7.2.jar:/org/ibex/nestedvm/UnixRuntime$DevFS$4.class
 585/668: C:\Program Files\Java\jre1.8.0_20\lib\ext\sqlite-jdbc-3.7.2.jar:/org/ibex/nestedvm/UnixRuntime$DevFS$5.class
 586/668: C:\Program Files\Java\jre1.8.0_20\lib\ext\sqlite-jdbc-3.7.2.jar:/org/ibex/nestedvm/UnixRuntime$DevFS$6.class
 587/668: C:\Program Files\Java\jre1.8.0_20\lib\ext\sqlite-jdbc-3.7.2.jar:/org/ibex/nestedvm/UnixRuntime$DevFS$DevDirFD.class
 588/668: C:\Program Files\Java\jre1.8.0_20\lib\ext\sqlite-jdbc-3.7.2.jar:/org/ibex/nestedvm/UnixRuntime$DevFS$DevFStat.class
 589/668: C:\Program Files\Java\jre1.8.0_20\lib\ext\sqlite-jdbc-3.7.2.jar:/org/ibex/nestedvm/UnixRuntime$DevFS.class
 590/668: C:\Program Files\Java\jre1.8.0_20\lib\ext\sqlite-jdbc-3.7.2.jar:/org/ibex/nestedvm/UnixRuntime$DirFD$1.class
 591/668: C:\Program Files\Java\jre1.8.0_20\lib\ext\sqlite-jdbc-3.7.2.jar:/org/ibex/nestedvm/UnixRuntime$DirFD.class
 592/668: C:\Program Files\Java\jre1.8.0_20\lib\ext\sqlite-jdbc-3.7.2.jar:/org/ibex/nestedvm/UnixRuntime$ForkedProcess.class
 593/668: C:\Program Files\Java\jre1.8.0_20\lib\ext\sqlite-jdbc-3.7.2.jar:/org/ibex/nestedvm/UnixRuntime$FS.class
 594/668: C:\Program Files\Java\jre1.8.0_20\lib\ext\sqlite-jdbc-3.7.2.jar:/org/ibex/nestedvm/UnixRuntime$GlobalState$CacheEnt.class
 595/668: C:\Program Files\Java\jre1.8.0_20\lib\ext\sqlite-jdbc-3.7.2.jar:/org/ibex/nestedvm/UnixRuntime$GlobalState$MP.class
 596/668: C:\Program Files\Java\jre1.8.0_20\lib\ext\sqlite-jdbc-3.7.2.jar:/org/ibex/nestedvm/UnixRuntime$GlobalState.class
 597/668: C:\Program Files\Java\jre1.8.0_20\lib\ext\sqlite-jdbc-3.7.2.jar:/org/ibex/nestedvm/UnixRuntime$HostFS$HostDirFD.class
 598/668: C:\Program Files\Java\jre1.8.0_20\lib\ext\sqlite-jdbc-3.7.2.jar:/org/ibex/nestedvm/UnixRuntime$HostFS.class
 599/668: C:\Program Files\Java\jre1.8.0_20\lib\ext\sqlite-jdbc-3.7.2.jar:/org/ibex/nestedvm/UnixRuntime$Pipe$Reader.class
 600/668: C:\Program Files\Java\jre1.8.0_20\lib\ext\sqlite-jdbc-3.7.2.jar:/org/ibex/nestedvm/UnixRuntime$Pipe$Writer.class
 601/668: C:\Program Files\Java\jre1.8.0_20\lib\ext\sqlite-jdbc-3.7.2.jar:/org/ibex/nestedvm/UnixRuntime$Pipe.class
 602/668: C:\Program Files\Java\jre1.8.0_20\lib\ext\sqlite-jdbc-3.7.2.jar:/org/ibex/nestedvm/UnixRuntime$ProcessTableFullExn.class
 603/668: C:\Program Files\Java\jre1.8.0_20\lib\ext\sqlite-jdbc-3.7.2.jar:/org/ibex/nestedvm/UnixRuntime$ResourceFS$1.class
 604/668: C:\Program Files\Java\jre1.8.0_20\lib\ext\sqlite-jdbc-3.7.2.jar:/org/ibex/nestedvm/UnixRuntime$ResourceFS$2.class
 605/668: C:\Program Files\Java\jre1.8.0_20\lib\ext\sqlite-jdbc-3.7.2.jar:/org/ibex/nestedvm/UnixRuntime$ResourceFS.class
 606/668: C:\Program Files\Java\jre1.8.0_20\lib\ext\sqlite-jdbc-3.7.2.jar:/org/ibex/nestedvm/UnixRuntime$SocketFD.class
 607/668: C:\Program Files\Java\jre1.8.0_20\lib\ext\sqlite-jdbc-3.7.2.jar:/org/ibex/nestedvm/UnixRuntime.class
 608/668: C:\Program Files\Java\jre1.8.0_20\lib\ext\sqlite-jdbc-3.7.2.jar:/org/ibex/nestedvm/UsermodeConstants.class
 609/668: C:\Program Files\Java\jre1.8.0_20\lib\ext\sqlite-jdbc-3.7.2.jar:/org/ibex/nestedvm/util/ELF$ELFException.class
 610/668: C:\Program Files\Java\jre1.8.0_20\lib\ext\sqlite-jdbc-3.7.2.jar:/org/ibex/nestedvm/util/ELF$ELFHeader.class
 611/668: C:\Program Files\Java\jre1.8.0_20\lib\ext\sqlite-jdbc-3.7.2.jar:/org/ibex/nestedvm/util/ELF$ELFIdent.class
 612/668: C:\Program Files\Java\jre1.8.0_20\lib\ext\sqlite-jdbc-3.7.2.jar:/org/ibex/nestedvm/util/ELF$PHeader.class
 613/668: C:\Program Files\Java\jre1.8.0_20\lib\ext\sqlite-jdbc-3.7.2.jar:/org/ibex/nestedvm/util/ELF$SectionInputStream.class
 614/668: C:\Program Files\Java\jre1.8.0_20\lib\ext\sqlite-jdbc-3.7.2.jar:/org/ibex/nestedvm/util/ELF$SHeader.class
 615/668: C:\Program Files\Java\jre1.8.0_20\lib\ext\sqlite-jdbc-3.7.2.jar:/org/ibex/nestedvm/util/ELF$Symbol.class
 616/668: C:\Program Files\Java\jre1.8.0_20\lib\ext\sqlite-jdbc-3.7.2.jar:/org/ibex/nestedvm/util/ELF$Symtab.class
 617/668: C:\Program Files\Java\jre1.8.0_20\lib\ext\sqlite-jdbc-3.7.2.jar:/org/ibex/nestedvm/util/ELF.class
 618/668: C:\Program Files\Java\jre1.8.0_20\lib\ext\sqlite-jdbc-3.7.2.jar:/org/ibex/nestedvm/util/InodeCache.class
 619/668: C:\Program Files\Java\jre1.8.0_20\lib\ext\sqlite-jdbc-3.7.2.jar:/org/ibex/nestedvm/util/Platform$Jdk11.class
 620/668: C:\Program Files\Java\jre1.8.0_20\lib\ext\sqlite-jdbc-3.7.2.jar:/org/ibex/nestedvm/util/Platform$Jdk12.class
 621/668: C:\Program Files\Java\jre1.8.0_20\lib\ext\sqlite-jdbc-3.7.2.jar:/org/ibex/nestedvm/util/Platform$Jdk13.class
 622/668: C:\Program Files\Java\jre1.8.0_20\lib\ext\sqlite-jdbc-3.7.2.jar:/org/ibex/nestedvm/util/Platform$Jdk14.class
 623/668: C:\Program Files\Java\jre1.8.0_20\lib\ext\sqlite-jdbc-3.7.2.jar:/org/ibex/nestedvm/util/Platform$Jdk14FileLock.class
 624/668: C:\Program Files\Java\jre1.8.0_20\lib\ext\sqlite-jdbc-3.7.2.jar:/org/ibex/nestedvm/util/Platform.class
 625/668: C:\Program Files\Java\jre1.8.0_20\lib\ext\sqlite-jdbc-3.7.2.jar:/org/ibex/nestedvm/util/Seekable$ByteArray.class
 626/668: C:\Program Files\Java\jre1.8.0_20\lib\ext\sqlite-jdbc-3.7.2.jar:/org/ibex/nestedvm/util/Seekable$File.class
 627/668: C:\Program Files\Java\jre1.8.0_20\lib\ext\sqlite-jdbc-3.7.2.jar:/org/ibex/nestedvm/util/Seekable$InputStream.class
 628/668: C:\Program Files\Java\jre1.8.0_20\lib\ext\sqlite-jdbc-3.7.2.jar:/org/ibex/nestedvm/util/Seekable$Lock.class
 629/668: C:\Program Files\Java\jre1.8.0_20\lib\ext\sqlite-jdbc-3.7.2.jar:/org/ibex/nestedvm/util/Seekable.class
 630/668: C:\Program Files\Java\jre1.8.0_20\lib\ext\sqlite-jdbc-3.7.2.jar:/org/ibex/nestedvm/util/Sort$1.class
 631/668: C:\Program Files\Java\jre1.8.0_20\lib\ext\sqlite-jdbc-3.7.2.jar:/org/ibex/nestedvm/util/Sort$Comparable.class
 632/668: C:\Program Files\Java\jre1.8.0_20\lib\ext\sqlite-jdbc-3.7.2.jar:/org/ibex/nestedvm/util/Sort$CompareFunc.class
 633/668: C:\Program Files\Java\jre1.8.0_20\lib\ext\sqlite-jdbc-3.7.2.jar:/org/ibex/nestedvm/util/Sort.class
 634/668: C:\Program Files\Java\jre1.8.0_20\lib\ext\sqlite-jdbc-3.7.2.jar:/org/sqlite/Codes.class
 635/668: C:\Program Files\Java\jre1.8.0_20\lib\ext\sqlite-jdbc-3.7.2.jar:/org/sqlite/Conn.class
 636/668: C:\Program Files\Java\jre1.8.0_20\lib\ext\sqlite-jdbc-3.7.2.jar:/org/sqlite/DB$ProgressObserver.class
 637/668: C:\Program Files\Java\jre1.8.0_20\lib\ext\sqlite-jdbc-3.7.2.jar:/org/sqlite/DB.class
 638/668: C:\Program Files\Java\jre1.8.0_20\lib\ext\sqlite-jdbc-3.7.2.jar:/org/sqlite/ExtendedCommand$BackupCommand.class
 639/668: C:\Program Files\Java\jre1.8.0_20\lib\ext\sqlite-jdbc-3.7.2.jar:/org/sqlite/ExtendedCommand$RestoreCommand.class
 640/668: C:\Program Files\Java\jre1.8.0_20\lib\ext\sqlite-jdbc-3.7.2.jar:/org/sqlite/ExtendedCommand$SQLExtension.class
 641/668: C:\Program Files\Java\jre1.8.0_20\lib\ext\sqlite-jdbc-3.7.2.jar:/org/sqlite/ExtendedCommand.class
 642/668: C:\Program Files\Java\jre1.8.0_20\lib\ext\sqlite-jdbc-3.7.2.jar:/org/sqlite/Function$Aggregate.class
 643/668: C:\Program Files\Java\jre1.8.0_20\lib\ext\sqlite-jdbc-3.7.2.jar:/org/sqlite/Function.class
 644/668: C:\Program Files\Java\jre1.8.0_20\lib\ext\sqlite-jdbc-3.7.2.jar:/org/sqlite/JDBC.class
 645/668: C:\Program Files\Java\jre1.8.0_20\lib\ext\sqlite-jdbc-3.7.2.jar:/org/sqlite/MetaData.class
 646/668: C:\Program Files\Java\jre1.8.0_20\lib\ext\sqlite-jdbc-3.7.2.jar:/org/sqlite/NativeDB.class
 647/668: C:\Program Files\Java\jre1.8.0_20\lib\ext\sqlite-jdbc-3.7.2.jar:/org/sqlite/NestedDB$CausedSQLException.class
 648/668: C:\Program Files\Java\jre1.8.0_20\lib\ext\sqlite-jdbc-3.7.2.jar:/org/sqlite/NestedDB.class
 649/668: C:\Program Files\Java\jre1.8.0_20\lib\ext\sqlite-jdbc-3.7.2.jar:/org/sqlite/OSInfo.class
 650/668: C:\Program Files\Java\jre1.8.0_20\lib\ext\sqlite-jdbc-3.7.2.jar:/org/sqlite/PrepStmt.class
 651/668: C:\Program Files\Java\jre1.8.0_20\lib\ext\sqlite-jdbc-3.7.2.jar:/org/sqlite/ResourceFinder.class
 652/668: C:\Program Files\Java\jre1.8.0_20\lib\ext\sqlite-jdbc-3.7.2.jar:/org/sqlite/RS.class
 653/668: C:\Program Files\Java\jre1.8.0_20\lib\ext\sqlite-jdbc-3.7.2.jar:/org/sqlite/SQLite.class
 654/668: C:\Program Files\Java\jre1.8.0_20\lib\ext\sqlite-jdbc-3.7.2.jar:/org/sqlite/SQLiteConfig$Encoding.class
 655/668: C:\Program Files\Java\jre1.8.0_20\lib\ext\sqlite-jdbc-3.7.2.jar:/org/sqlite/SQLiteConfig$JournalMode.class
 656/668: C:\Program Files\Java\jre1.8.0_20\lib\ext\sqlite-jdbc-3.7.2.jar:/org/sqlite/SQLiteConfig$LockingMode.class
 657/668: C:\Program Files\Java\jre1.8.0_20\lib\ext\sqlite-jdbc-3.7.2.jar:/org/sqlite/SQLiteConfig$Pragma.class
 658/668: C:\Program Files\Java\jre1.8.0_20\lib\ext\sqlite-jdbc-3.7.2.jar:/org/sqlite/SQLiteConfig$PragmaValue.class
 659/668: C:\Program Files\Java\jre1.8.0_20\lib\ext\sqlite-jdbc-3.7.2.jar:/org/sqlite/SQLiteConfig$SynchronousMode.class
 660/668: C:\Program Files\Java\jre1.8.0_20\lib\ext\sqlite-jdbc-3.7.2.jar:/org/sqlite/SQLiteConfig$TempStore.class
 661/668: C:\Program Files\Java\jre1.8.0_20\lib\ext\sqlite-jdbc-3.7.2.jar:/org/sqlite/SQLiteConfig.class
 662/668: C:\Program Files\Java\jre1.8.0_20\lib\ext\sqlite-jdbc-3.7.2.jar:/org/sqlite/SQLiteDataSource.class
 663/668: C:\Program Files\Java\jre1.8.0_20\lib\ext\sqlite-jdbc-3.7.2.jar:/org/sqlite/SQLiteErrorCode.class
 664/668: C:\Program Files\Java\jre1.8.0_20\lib\ext\sqlite-jdbc-3.7.2.jar:/org/sqlite/SQLiteJDBCLoader.class
 665/668: C:\Program Files\Java\jre1.8.0_20\lib\ext\sqlite-jdbc-3.7.2.jar:/org/sql